  Compiler1.cpp
D:\Compiladores21-2\Compiler1\Compiler1\Compiler1.cpp(6,7): error C2143: error de sintaxis: falta ';' delante de '<'
D:\Compiladores21-2\Compiler1\Compiler1\Compiler1.cpp(6,7): error C4430: falta el especificador de tipo; se presupone int. Nota: C++ no admite default-int
D:\Compiladores21-2\Compiler1\Compiler1\Compiler1.cpp(7,7): error C2143: error de sintaxis: falta ';' delante de '<'
D:\Compiladores21-2\Compiler1\Compiler1\Compiler1.cpp(7,7): error C4430: falta el especificador de tipo; se presupone int. Nota: C++ no admite default-int
D:\Compiladores21-2\Compiler1\Compiler1\Compiler1.cpp(7,1): error C2086: 'int vector': nueva definición
D:\Compiladores21-2\Compiler1\Compiler1\Compiler1.cpp(6): message : vea la declaración de 'vector'
D:\Compiladores21-2\Compiler1\Compiler1\Compiler1.cpp(10,7): error C2143: error de sintaxis: falta ';' delante de '<'
D:\Compiladores21-2\Compiler1\Compiler1\Compiler1.cpp(10,7): error C4430: falta el especificador de tipo; se presupone int. Nota: C++ no admite default-int
D:\Compiladores21-2\Compiler1\Compiler1\Compiler1.cpp(10,1): error C2086: 'int vector': nueva definición
D:\Compiladores21-2\Compiler1\Compiler1\Compiler1.cpp(6): message : vea la declaración de 'vector'
D:\Compiladores21-2\Compiler1\Compiler1\Compiler1.cpp(11,7): error C2143: error de sintaxis: falta ';' delante de '<'
D:\Compiladores21-2\Compiler1\Compiler1\Compiler1.cpp(11,7): error C4430: falta el especificador de tipo; se presupone int. Nota: C++ no admite default-int
D:\Compiladores21-2\Compiler1\Compiler1\Compiler1.cpp(11,1): error C2086: 'int vector': nueva definición
D:\Compiladores21-2\Compiler1\Compiler1\Compiler1.cpp(6): message : vea la declaración de 'vector'
D:\Compiladores21-2\Compiler1\Compiler1\Compiler1.cpp(12,7): error C2143: error de sintaxis: falta ';' delante de '<'
D:\Compiladores21-2\Compiler1\Compiler1\Compiler1.cpp(12,7): error C4430: falta el especificador de tipo; se presupone int. Nota: C++ no admite default-int
D:\Compiladores21-2\Compiler1\Compiler1\Compiler1.cpp(12,1): error C2086: 'int vector': nueva definición
D:\Compiladores21-2\Compiler1\Compiler1\Compiler1.cpp(6): message : vea la declaración de 'vector'
D:\Compiladores21-2\Compiler1\Compiler1\Compiler1.cpp(13,7): error C2143: error de sintaxis: falta ';' delante de '<'
D:\Compiladores21-2\Compiler1\Compiler1\Compiler1.cpp(13,7): error C4430: falta el especificador de tipo; se presupone int. Nota: C++ no admite default-int
D:\Compiladores21-2\Compiler1\Compiler1\Compiler1.cpp(13,1): error C2086: 'int vector': nueva definición
D:\Compiladores21-2\Compiler1\Compiler1\Compiler1.cpp(6): message : vea la declaración de 'vector'
